TN:
SF:E:/ATesting/FiveSixUI-1/components/basic/ImageModal/index.js
FN:47,ImageModal
FN:126,onCancel
FN:142,onClick
FN:143,onClick
FN:144,onClick
FN:145,onClick
FNF:6
FNH:6
FNDA:7,ImageModal
FNDA:1,onCancel
FNDA:2,onClick
FNDA:8,onClick
FNDA:4,onClick
FNDA:4,onClick
DA:7,1
DA:8,1
DA:9,1
DA:10,1
DA:20,1
DA:27,1
DA:28,1
DA:29,1
DA:30,1
DA:47,21
DA:49,7
DA:56,8
DA:57,8
DA:58,7
DA:68,2
DA:69,2
DA:70,1
DA:82,8
DA:83,8
DA:84,7
DA:96,4
DA:97,4
DA:108,4
DA:109,4
DA:115,1
DA:118,155
DA:119,31
DA:120,31
DA:121,31
DA:126,1
DA:142,2
DA:143,8
DA:144,4
DA:145,4
DA:154,1
DA:156,1
LF:36
LH:36
BRDA:47,0,0,7
BRDA:47,0,1,0
BRDA:57,1,0,7
BRDA:57,1,1,1
BRDA:57,2,0,8
BRDA:57,2,1,7
BRDA:58,3,0,7
BRDA:58,3,1,1
BRDA:69,4,0,1
BRDA:69,4,1,1
BRDA:83,5,0,7
BRDA:83,5,1,1
BRDA:115,6,0,1
BRDA:115,6,1,1
BRDA:124,7,0,23
BRDA:124,7,1,8
BRDA:140,8,0,23
BRDA:140,8,1,8
BRF:18
BRH:17
end_of_record
